<?xml version="1.0" encoding="UTF-8"?>
<!-- Generated by org.testng.reporters.JUnitReportReporter -->
<testsuite skipped="0" hostname="SRIRAM-THINK" name="Runner.TestRun" tests="1" failures="0" timestamp="15 Jan 2018 16:23:18 GMT" time="79.190" errors="0">
  <testcase name="feature" time="79.190" classname="Runner.TestRun"/>
</testsuite> <!-- Runner.TestRun -->
